[17:44:01:497] [ERROR] - util.db.DataBase.getConnection(DataBase.java:25) - 请检查是否开启数据库服务，若已开启请检查数据库配置是否正确，配置接口：@/util.db/DB/Config.java
java.sql.SQLException: Access denied for user 'root'@'localhost' (using password: YES)
	at com.mysql.cj.jdbc.exceptions.SQLError.createSQLException(SQLError.java:129) ~[mysql-connector-java-8.0.25.jar:8.0.25]
	at com.mysql.cj.jdbc.exceptions.SQLExceptionsMapping.translateException(SQLExceptionsMapping.java:122) ~[mysql-connector-java-8.0.25.jar:8.0.25]
	at com.mysql.cj.jdbc.ConnectionImpl.createNewIO(ConnectionImpl.java:833) ~[mysql-connector-java-8.0.25.jar:8.0.25]
	at com.mysql.cj.jdbc.ConnectionImpl.<init>(ConnectionImpl.java:453) ~[mysql-connector-java-8.0.25.jar:8.0.25]
	at com.mysql.cj.jdbc.ConnectionImpl.getInstance(ConnectionImpl.java:246) ~[mysql-connector-java-8.0.25.jar:8.0.25]
	at com.mysql.cj.jdbc.NonRegisteringDriver.connect(NonRegisteringDriver.java:198) ~[mysql-connector-java-8.0.25.jar:8.0.25]
	at java.sql.DriverManager.getConnection(DriverManager.java:664) ~[?:1.8.0_202]
	at java.sql.DriverManager.getConnection(DriverManager.java:247) ~[?:1.8.0_202]
	at util.db.DataBase.getConnection(DataBase.java:22) [MPBRC/:?]
	at util.db.DataBase.DBcheck(DataBase.java:70) [MPBRC/:?]
	at Start.main(Start.java:21) [MPBRC/:?]
[17:44:01:504] [ERROR] - util.db.DataBase.DBcheck(DataBase.java:77) - 数据库连接对象为空
java.lang.NullPointerException: null
	at util.db.DataBase.DBcheck(DataBase.java:71) [MPBRC/:?]
	at Start.main(Start.java:21) [MPBRC/:?]
[17:44:01:576] [ERROR] - util.db.DataBase.getConnection(DataBase.java:25) - 请检查是否开启数据库服务，若已开启请检查数据库配置是否正确，配置接口：@/util.db/DB/Config.java
java.sql.SQLException: Access denied for user 'root'@'localhost' (using password: YES)
	at com.mysql.cj.jdbc.exceptions.SQLError.createSQLException(SQLError.java:129) ~[mysql-connector-java-8.0.25.jar:8.0.25]
	at com.mysql.cj.jdbc.exceptions.SQLExceptionsMapping.translateException(SQLExceptionsMapping.java:122) ~[mysql-connector-java-8.0.25.jar:8.0.25]
	at com.mysql.cj.jdbc.ConnectionImpl.createNewIO(ConnectionImpl.java:833) ~[mysql-connector-java-8.0.25.jar:8.0.25]
	at com.mysql.cj.jdbc.ConnectionImpl.<init>(ConnectionImpl.java:453) ~[mysql-connector-java-8.0.25.jar:8.0.25]
	at com.mysql.cj.jdbc.ConnectionImpl.getInstance(ConnectionImpl.java:246) ~[mysql-connector-java-8.0.25.jar:8.0.25]
	at com.mysql.cj.jdbc.NonRegisteringDriver.connect(NonRegisteringDriver.java:198) ~[mysql-connector-java-8.0.25.jar:8.0.25]
	at java.sql.DriverManager.getConnection(DriverManager.java:664) ~[?:1.8.0_202]
	at java.sql.DriverManager.getConnection(DriverManager.java:247) ~[?:1.8.0_202]
	at util.db.DataBase.getConnection(DataBase.java:22) [MPBRC/:?]
	at util.db.DataBase.getStatement(DataBase.java:56) [MPBRC/:?]
	at util.db.DBQuary.query(DBQuary.java:20) [MPBRC/:?]
	at data.UserForm.loadUsers(UserForm.java:44) [MPBRC/:?]
	at Start.main(Start.java:24) [MPBRC/:?]
